  {
    "@timestamp": "2021-01-26T15:30:53.5921459Z",
    "event": {
      "action": "per-user-audit-policy-changed",
      "category": [
        "iam",
        "configuration"
      ],
      "code": 4912,
      "kind": "event",
      "module": "security",
      "outcome": "success",
      "provider": "Microsoft-Windows-Security-Auditing",
      "type": [
        "admin",
        "change"
      ]
    },
    "host": {
      "name": "vagrant-2012-r2"
    },
    "log": {
      "level": "information"
    },
    "related": {
      "user": "vagrant"
    },
    "user": {
      "domain": "VAGRANT-2012-R2",
      "id": "S-1-5-21-3541430928-2051711210-1391384369-1001",
      "name": "vagrant"
    },
    "winlog": {
      "api": "wineventlog",
      "channel": "Security",
      "computer_name": "vagrant-2012-r2",
      "event_data": {
        "AuditPolicyChanges": "%%8455",
        "AuditPolicyChangesDescription": [
          "Success exclude added"
        ],
        "Category": "Account Management",
        "CategoryId": "%%8279",
        "SubCategory": "Directory Service Replication",
        "SubcategoryGuid": "{0CCE923D-69AE-11D9-BED3-505054503030}",
        "SubcategoryId": "%%14082",
        "SubjectDomainName": "VAGRANT-2012-R2",
        "SubjectLogonId": "0x1c4f3",
        "SubjectUserName": "vagrant",
        "SubjectUserSid": "S-1-5-21-3541430928-2051711210-1391384369-1001",
        "TargetUserSid": "S-1-5-21-3541430928-2051711210-1391384369-1001"
      },
      "event_id": 4912,
      "keywords": [
        "Audit Success"
      ],
      "logon": {
        "id": "0x1c4f3"
      },
      "opcode": "Info",
      "process": {
        "pid": 492,
        "thread": {
          "id": 3032
        }
      },
      "provider_guid": "{54849625-5478-4994-A5BA-3E3B0328C30D}",
      "provider_name": "Microsoft-Windows-Security-Auditing",
      "record_id": 15303,
      "task": "Audit Policy Change"
    }
  },
  {
    "@timestamp": "2021-01-26T15:30:53.5921459Z",
    "event": {
      "action": "per-user-audit-policy-changed",
      "category": [
        "iam",
        "configuration"
      ],
      "code": 4912,
      "kind": "event",
      "module": "security",
      "outcome": "success",
      "provider": "Microsoft-Windows-Security-Auditing",
      "type": [
        "admin",
        "change"
      ]
    },
    "host": {
      "name": "vagrant-2012-r2"
    },
    "log": {
      "level": "information"
    },
    "related": {
      "user": "vagrant"
    },
    "user": {
      "domain": "VAGRANT-2012-R2",
      "id": "S-1-5-21-3541430928-2051711210-1391384369-1001",
      "name": "vagrant"
    },
    "winlog": {
      "api": "wineventlog",
      "channel": "Security",
      "computer_name": "vagrant-2012-r2",
      "event_data": {
        "AuditPolicyChanges": "%%8455",
        "AuditPolicyChangesDescription": [
          "Success exclude added"
        ],
        "Category": "Account Management",
        "CategoryId": "%%8279",
        "SubCategory": "Detailed Directory Service Replication",
        "SubcategoryGuid": "{0CCE923E-69AE-11D9-BED3-505054503030}",
        "SubcategoryId": "%%14083",
        "SubjectDomainName": "VAGRANT-2012-R2",
        "SubjectLogonId": "0x1c4f3",
        "SubjectUserName": "vagrant",
        "SubjectUserSid": "S-1-5-21-3541430928-2051711210-1391384369-1001",
        "TargetUserSid": "S-1-5-21-3541430928-2051711210-1391384369-1001"
      },
      "event_id": 4912,
      "keywords": [
        "Audit Success"
      ],
      "logon": {
        "id": "0x1c4f3"
      },
      "opcode": "Info",
      "process": {
        "pid": 492,
        "thread": {
          "id": 3032
        }
      },
      "provider_guid": "{54849625-5478-4994-A5BA-3E3B0328C30D}",
      "provider_name": "Microsoft-Windows-Security-Auditing",
      "record_id": 15304,
      "task": "Audit Policy Change"
    }
  },
  {
    "@timestamp": "2021-01-26T15:30:53.5921459Z",
    "event": {
      "action": "per-user-audit-policy-changed",
      "category": [
        "iam",
        "configuration"
      ],
      "code": 4912,
      "kind": "event",
      "module": "security",
      "outcome": "success",
      "provider": "Microsoft-Windows-Security-Auditing",
      "type": [
        "admin",
        "change"
      ]
    },
    "host": {
      "name": "vagrant-2012-r2"
    },
    "log": {
      "level": "information"
    },
    "related": {
      "user": "vagrant"
    },
    "user": {
      "domain": "VAGRANT-2012-R2",
      "id": "S-1-5-21-3541430928-2051711210-1391384369-1001",
      "name": "vagrant"
    },
    "winlog": {
      "api": "wineventlog",
      "channel": "Security",
      "computer_name": "vagrant-2012-r2",
      "event_data": {
        "AuditPolicyChanges": "%%8455",
        "AuditPolicyChangesDescription": [
          "Success exclude added"
        ],
        "Category": "Account Logon",
        "CategoryId": "%%8280",
        "SubCategory": "Credential Validation",
        "SubcategoryGuid": "{0CCE923F-69AE-11D9-BED3-505054503030}",
        "SubcategoryId": "%%14336",
        "SubjectDomainName": "VAGRANT-2012-R2",
        "SubjectLogonId": "0x1c4f3",
        "SubjectUserName": "vagrant",
        "SubjectUserSid": "S-1-5-21-3541430928-2051711210-1391384369-1001",
        "TargetUserSid": "S-1-5-21-3541430928-2051711210-1391384369-1001"
      },
      "event_id": 4912,
      "keywords": [
        "Audit Success"
      ],
      "logon": {
        "id": "0x1c4f3"
      },
      "opcode": "Info",
      "process": {
        "pid": 492,
        "thread": {
          "id": 3032
        }
      },
      "provider_guid": "{54849625-5478-4994-A5BA-3E3B0328C30D}",
      "provider_name": "Microsoft-Windows-Security-Auditing",
      "record_id": 15305,
      "task": "Audit Policy Change"
    }
  },
  {
    "@timestamp": "2021-01-26T15:30:53.5921459Z",
    "event": {
      "action": "per-user-audit-policy-changed",
      "category": [
        "iam",
        "configuration"
      ],
      "code": 4912,
      "kind": "event",
      "module": "security",
      "outcome": "success",
      "provider": "Microsoft-Windows-Security-Auditing",
      "type": [
        "admin",
        "change"
      ]
    },
    "host": {
      "name": "vagrant-2012-r2"
    },
    "log": {
      "level": "information"
    },
    "related": {
      "user": "vagrant"
    },
    "user": {
      "domain": "VAGRANT-2012-R2",
      "id": "S-1-5-21-3541430928-2051711210-1391384369-1001",
      "name": "vagrant"
    },
    "winlog": {
      "api": "wineventlog",
      "channel": "Security",
      "computer_name": "vagrant-2012-r2",
      "event_data": {
        "AuditPolicyChanges": "%%8455",
        "AuditPolicyChangesDescription": [
          "Success exclude added"
        ],
        "Category": "Account Logon",
        "CategoryId": "%%8280",
        "SubCategory": "Kerberos Service Ticket Operations",
        "SubcategoryGuid": "{0CCE9240-69AE-11D9-BED3-505054503030}",
        "SubcategoryId": "%%14337",
        "SubjectDomainName": "VAGRANT-2012-R2",
        "SubjectLogonId": "0x1c4f3",
        "SubjectUserName": "vagrant",
        "SubjectUserSid": "S-1-5-21-3541430928-2051711210-1391384369-1001",
        "TargetUserSid": "S-1-5-21-3541430928-2051711210-1391384369-1001"
      },
      "event_id": 4912,
      "keywords": [
        "Audit Success"
      ],
      "logon": {
        "id": "0x1c4f3"
      },
      "opcode": "Info",
      "process": {
        "pid": 492,
        "thread": {
          "id": 3032
        }
      },
      "provider_guid": "{54849625-5478-4994-A5BA-3E3B0328C30D}",
      "provider_name": "Microsoft-Windows-Security-Auditing",
      "record_id": 15306,
      "task": "Audit Policy Change"
    }
  },
  {
    "@timestamp": "2021-01-26T15:30:53.5921459Z",
    "event": {
      "action": "per-user-audit-policy-changed",
      "category": [
        "iam",
        "configuration"
      ],
      "code": 4912,
      "kind": "event",
      "module": "security",
      "outcome": "success",
      "provider": "Microsoft-Windows-Security-Auditing",
      "type": [
        "admin",
        "change"
      ]
    },
    "host": {
      "name": "vagrant-2012-r2"
    },
    "log": {
      "level": "information"
    },
    "related": {
      "user": "vagrant"
    },
    "user": {
      "domain": "VAGRANT-2012-R2",
      "id": "S-1-5-21-3541430928-2051711210-1391384369-1001",
      "name": "vagrant"
    },
    "winlog": {
      "api": "wineventlog",
      "channel": "Security",
      "computer_name": "vagrant-2012-r2",
      "event_data": {
        "AuditPolicyChanges": "%%8455",
        "AuditPolicyChangesDescription": [
          "Success exclude added"
        ],
        "Category": "Account Logon",
        "CategoryId": "%%8280",
        "SubCategory": "Other Account Logon Events",
        "SubcategoryGuid": "{0CCE9241-69AE-11D9-BED3-505054503030}",
        "SubcategoryId": "%%14338",
        "SubjectDomainName": "VAGRANT-2012-R2",
        "SubjectLogonId": "0x1c4f3",
        "SubjectUserName": "vagrant",
        "SubjectUserSid": "S-1-5-21-3541430928-2051711210-1391384369-1001",
        "TargetUserSid": "S-1-5-21-3541430928-2051711210-1391384369-1001"
      },
      "event_id": 4912,
      "keywords": [
        "Audit Success"
      ],
      "logon": {
        "id": "0x1c4f3"
      },
      "opcode": "Info",
      "process": {
        "pid": 492,
        "thread": {
          "id": 3032
        }
      },
      "provider_guid": "{54849625-5478-4994-A5BA-3E3B0328C30D}",
      "provider_name": "Microsoft-Windows-Security-Auditing",
      "record_id": 15307,
      "task": "Audit Policy Change"
    }
  },
  {
    "@timestamp": "2021-01-26T15:30:53.5921459Z",
    "event": {
      "action": "per-user-audit-policy-changed",
      "category": [
        "iam",
        "configuration"
      ],
      "code": 4912,
      "kind": "event",
      "module": "security",
      "outcome": "success",
      "provider": "Microsoft-Windows-Security-Auditing",
      "type": [
        "admin",
        "change"
      ]
    },
    "host": {
      "name": "vagrant-2012-r2"
    },
    "log": {
      "level": "information"
    },
    "related": {
      "user": "vagrant"
    },
    "user": {
      "domain": "VAGRANT-2012-R2",
      "id": "S-1-5-21-3541430928-2051711210-1391384369-1001",
      "name": "vagrant"
    },
    "winlog": {
      "api": "wineventlog",
      "channel": "Security",
      "computer_name": "vagrant-2012-r2",
      "event_data": {
        "AuditPolicyChanges": "%%8455",
        "AuditPolicyChangesDescription": [
          "Success exclude added"
        ],
        "Category": "Account Logon",
        "CategoryId": "%%8280",
        "SubCategory": "Kerberos Authentication Service",
        "SubcategoryGuid": "{0CCE9242-69AE-11D9-BED3-505054503030}",
        "SubcategoryId": "%%14339",
        "SubjectDomainName": "VAGRANT-2012-R2",
        "SubjectLogonId": "0x1c4f3",
        "SubjectUserName": "vagrant",
        "SubjectUserSid": "S-1-5-21-3541430928-2051711210-1391384369-1001",
        "TargetUserSid": "S-1-5-21-3541430928-2051711210-1391384369-1001"
      },
      "event_id": 4912,
      "keywords": [
        "Audit Success"
      ],
      "logon": {
        "id": "0x1c4f3"
      },
      "opcode": "Info",
      "process": {
        "pid": 492,
        "thread": {
          "id": 3032
        }
      },
      "provider_guid": "{54849625-5478-4994-A5BA-3E3B0328C30D}",
      "provider_name": "Microsoft-Windows-Security-Auditing",
      "record_id": 15308,
      "task": "Audit Policy Change"
    }
  }
]