[
  {
    "@timestamp": "2019-03-29T21:10:39.7868321Z",
    "event": {
      "action": "logged-in",
      "category": "authentication",
      "code": 4624,
      "kind": "event",
      "module": "security",
      "outcome": "success",
      "provider": "Microsoft-Windows-Security-Auditing",
      "type": "authentication_success"
    },
    "host": {
      "name": "vagrant-2012-r2"
    },
    "log": {
      "level": "information"
    },
    "process": {
      "executable": "C:\\Windows\\System32\\services.exe",
      "name": "services.exe",
      "pid": 508
    },
    "related": {
      "user": "SYSTEM"
    },
    "user": {
      "domain": "NT AUTHORITY",
      "id": "S-1-5-18",
      "name": "SYSTEM"
    },
    "winlog": {
      "api": "wineventlog",
      "channel": "Security",
      "computer_name": "vagrant-2012-r2",
      "event_data": {
        "AuthenticationPackageName": "Negotiate",
        "ImpersonationLevel": "%%1833",
        "IpAddress": "-",
        "IpPort": "-",
        "KeyLength": "0",
        "LmPackageName": "-",
        "LogonGuid": "{00000000-0000-0000-0000-000000000000}",
        "LogonProcessName": "Advapi  ",
        "LogonType": "5",
        "SubjectDomainName": "WORKGROUP",
        "SubjectLogonId": "0x3e7",
        "SubjectUserName": "VAGRANT-2012-R2$",
        "SubjectUserSid": "S-1-5-18",
        "TargetDomainName": "NT AUTHORITY",
        "TargetLogonId": "0x3e7",
        "TargetUserName": "SYSTEM",
        "TargetUserSid": "S-1-5-18",
        "TransmittedServices": "-"
      },
      "event_id": 4624,
      "keywords": [
        "Audit Success"
      ],
      "logon": {
        "id": "0x3e7",
        "type": "Service"
      },
      "opcode": "Info",
      "process": {
        "pid": 516,
        "thread": {
          "id": 536
        }
      },
      "provider_guid": "{54849625-5478-4994-a5ba-3e3b0328c30d}",
      "provider_name": "Microsoft-Windows-Security-Auditing",
      "record_id": 1535,
      "task": "Logon",
      "version": 1
    }
  },
  {
    "@timestamp": "2019-03-29T21:10:40.2555609Z",
    "event": {
      "action": "logged-in",
      "category": "authentication",
      "code": 4624,
      "kind": "event",
      "module": "security",
      "outcome": "success",
      "provider": "Microsoft-Windows-Security-Auditing",
      "type": "authentication_success"
    },
    "host": {
      "name": "vagrant-2012-r2"
    },
    "log": {
      "level": "information"
    },
    "process": {
      "executable": "C:\\Windows\\System32\\services.exe",
      "name": "services.exe",
      "pid": 508
    },
    "related": {
      "user": "SYSTEM"
    },
    "user": {
      "domain": "NT AUTHORITY",
      "id": "S-1-5-18",
      "name": "SYSTEM"
    },
    "winlog": {
      "api": "wineventlog",
      "channel": "Security",
      "computer_name": "vagrant-2012-r2",
      "event_data": {
        "AuthenticationPackageName": "Negotiate",
        "ImpersonationLevel": "%%1833",
        "IpAddress": "-",
        "IpPort": "-",
        "KeyLength": "0",
        "LmPackageName": "-",
        "LogonGuid": "{00000000-0000-0000-0000-000000000000}",
        "LogonProcessName": "Advapi  ",
        "LogonType": "5",
        "SubjectDomainName": "WORKGROUP",
        "SubjectLogonId": "0x3e7",
        "SubjectUserName": "VAGRANT-2012-R2$",
        "SubjectUserSid": "S-1-5-18",
        "TargetDomainName": "NT AUTHORITY",
        "TargetLogonId": "0x3e7",
        "TargetUserName": "SYSTEM",
        "TargetUserSid": "S-1-5-18",
        "TransmittedServices": "-"
      },
      "event_id": 4624,
      "keywords": [
        "Audit Success"
      ],
      "logon": {
        "id": "0x3e7",
        "type": "Service"
      },
      "opcode": "Info",
      "process": {
        "pid": 516,
        "thread": {
          "id": 556
        }
      },
      "provider_guid": "{54849625-5478-4994-a5ba-3e3b0328c30d}",
      "provider_name": "Microsoft-Windows-Security-Auditing",
      "record_id": 1538,
      "task": "Logon",
      "version": 1
    }
  },
  {
    "@timestamp": "2019-03-29T21:10:40.3805426Z",
    "event": {
      "action": "logged-in",
      "category": "authentication",
      "code": 4624,
      "kind": "event",
      "module": "security",
      "outcome": "success",
      "provider": "Microsoft-Windows-Security-Auditing",
      "type": "authentication_success"
    },
    "host": {
      "name": "vagrant-2012-r2"
    },
    "log": {
      "level": "information"
    },
    "process": {
      "executable": "C:\\Windows\\System32\\winlogon.exe",
      "name": "winlogon.exe",
      "pid": 448
    },
    "related": {
      "user": "vagrant"
    },
    "source": {
      "domain": "VAGRANT-2012-R2",
      "ip": "127.0.0.1",
      "port": 0
    },
    "user": {
      "domain": "VAGRANT-2012-R2",
      "id": "S-1-5-21-3541430928-2051711210-1391384369-1001",
      "name": "vagrant"
    },
    "winlog": {
      "api": "wineventlog",
      "channel": "Security",
      "computer_name": "vagrant-2012-r2",
      "event_data": {
        "AuthenticationPackageName": "Negotiate",
        "ImpersonationLevel": "%%1833",
        "KeyLength": "0",
        "LmPackageName": "-",
        "LogonGuid": "{00000000-0000-0000-0000-000000000000}",
        "LogonProcessName": "User32 ",
        "LogonType": "2",
        "SubjectDomainName": "WORKGROUP",
        "SubjectLogonId": "0x3e7",
        "SubjectUserName": "VAGRANT-2012-R2$",
        "SubjectUserSid": "S-1-5-18",
        "TargetDomainName": "VAGRANT-2012-R2",
        "TargetLogonId": "0x1008e",
        "TargetUserName": "vagrant",
        "TargetUserSid": "S-1-5-21-3541430928-2051711210-1391384369-1001",
        "TransmittedServices": "-"
      },
      "event_id": 4624,
      "keywords": [
        "Audit Success"
      ],
      "logon": {
        "id": "0x1008e",
        "type": "Interactive"
      },
      "opcode": "Info",
      "process": {
        "pid": 516,
        "thread": {
          "id": 556
        }
      },
      "provider_guid": "{54849625-5478-4994-a5ba-3e3b0328c30d}",
      "provider_name": "Microsoft-Windows-Security-Auditing",
      "record_id": 1542,
      "task": "Logon",
      "version": 1
    }
  },
  {
    "@timestamp": "2019-03-29T21:10:40.5055514Z",
    "event": {
      "action": "logged-in",
      "category": "authentication",
      "code": 4624,
      "kind": "event",
      "module": "security",
      "outcome": "success",
      "provider": "Microsoft-Windows-Security-Auditing",
      "type": "authentication_success"
    },
    "host": {
      "name": "vagrant-2012-r2"
    },
    "log": {
      "level": "information"
    },
    "process": {
      "executable": "C:\\Windows\\System32\\services.exe",
      "name": "services.exe",
      "pid": 508
    },
    "related": {
      "user": "SYSTEM"
    },
    "user": {
      "domain": "NT AUTHORITY",
      "id": "S-1-5-18",
      "name": "SYSTEM"
    },
    "winlog": {
      "api": "wineventlog",
      "channel": "Security",
      "computer_name": "vagrant-2012-r2",
      "event_data": {
        "AuthenticationPackageName": "Negotiate",
        "ImpersonationLevel": "%%1833",
        "IpAddress": "-",
        "IpPort": "-",
        "KeyLength": "0",
        "LmPackageName": "-",
        "LogonGuid": "{00000000-0000-0000-0000-000000000000}",
        "LogonProcessName": "Advapi  ",
        "LogonType": "5",
        "SubjectDomainName": "WORKGROUP",
        "SubjectLogonId": "0x3e7",
        "SubjectUserName": "VAGRANT-2012-R2$",
        "SubjectUserSid": "S-1-5-18",
        "TargetDomainName": "NT AUTHORITY",
        "TargetLogonId": "0x3e7",
        "TargetUserName": "SYSTEM",
        "TargetUserSid": "S-1-5-18",
        "TransmittedServices": "-"
      },
      "event_id": 4624,
      "keywords": [
        "Audit Success"
      ],
      "logon": {
        "id": "0x3e7",
        "type": "Service"
      },
      "opcode": "Info",
      "process": {
        "pid": 516,
        "thread": {
          "id": 556
        }
      },
      "provider_guid": "{54849625-5478-4994-a5ba-3e3b0328c30d}",
      "provider_name": "Microsoft-Windows-Security-Auditing",
      "record_id": 1545,
      "task": "Logon",
      "version": 1
    }
  },
  {
    "@timestamp": "2019-03-29T21:10:40.6305447Z",
    "event": {
      "action": "logged-in",
      "category": "authentication",
      "code": 4624,
      "kind": "event",
      "module": "security",
      "outcome": "success",
      "provider": "Microsoft-Windows-Security-Auditing",
      "type": "authentication_success"
    },
    "host": {
      "name": "vagrant-2012-r2"
    },
    "log": {
      "level": "information"
    },
    "process": {
      "executable": "-",
      "name": "-",
      "pid": 0
    },
    "related": {
      "user": "ANONYMOUS LOGON"
    },
    "user": {
      "domain": "NT AUTHORITY",
      "id": "S-1-5-7",
      "name": "ANONYMOUS LOGON"
    },
    "winlog": {
      "api": "wineventlog",
      "channel": "Security",
      "computer_name": "vagrant-2012-r2",
      "event_data": {
        "AuthenticationPackageName": "NTLM",
        "ImpersonationLevel": "%%1833",
        "IpAddress": "-",
        "IpPort": "-",
        "KeyLength": "0",
        "LmPackageName": "NTLM V1",
        "LogonGuid": "{00000000-0000-0000-0000-000000000000}",
        "LogonProcessName": "NtLmSsp ",
        "LogonType": "3",
        "SubjectDomainName": "-",
        "SubjectLogonId": "0x0",
        "SubjectUserName": "-",
        "SubjectUserSid": "S-1-0-0",
        "TargetDomainName": "NT AUTHORITY",
        "TargetLogonId": "0x129f1",
        "TargetUserName": "ANONYMOUS LOGON",
        "TargetUserSid": "S-1-5-7",
        "TransmittedServices": "-"
      },
      "event_id": 4624,
      "keywords": [
        "Audit Success"
      ],
      "logon": {
        "id": "0x129f1",
        "type": "Network"
      },
      "opcode": "Info",
      "process": {
        "pid": 516,
        "thread": {
          "id": 556
        }
      },
      "provider_guid": "{54849625-5478-4994-a5ba-3e3b0328c30d}",
      "provider_name": "Microsoft-Windows-Security-Auditing",
      "record_id": 1547,
      "task": "Logon",
      "version": 1
    }
  },
  {
    "@timestamp": "2019-03-29T21:10:53.6617957Z",
    "event": {
      "action": "logged-in",
      "category": "authentication",
      "code": 4624,
      "kind": "event",
      "module": "security",
      "outcome": "success",
      "provider": "Microsoft-Windows-Security-Auditing",
      "type": "authentication_success"
    },
    "host": {
      "name": "vagrant-2012-r2"
    },
    "log": {
      "level": "information"
    },
    "process": {
      "executable": "-",
      "name": "-",
      "pid": 0
    },
    "related": {
      "user": "vagrant"
    },
    "user": {
      "domain": "VAGRANT-2012-R2",
      "id": "S-1-5-21-3541430928-2051711210-1391384369-1001",
      "name": "vagrant"
    },
    "winlog": {
      "api": "wineventlog",
      "channel": "Security",
      "computer_name": "vagrant-2012-r2",
      "event_data": {
        "AuthenticationPackageName": "NTLM",
        "ImpersonationLevel": "%%1833",
        "IpAddress": "-",
        "IpPort": "-",
        "KeyLength": "128",
        "LmPackageName": "NTLM V2",
        "LogonGuid": "{00000000-0000-0000-0000-000000000000}",
        "LogonProcessName": "NtLmSsp ",
        "LogonType": "3",
        "SubjectDomainName": "-",
        "SubjectLogonId": "0x0",
        "SubjectUserName": "-",
        "SubjectUserSid": "S-1-0-0",
        "TargetDomainName": "VAGRANT-2012-R2",
        "TargetLogonId": "0x28d31",
        "TargetUserName": "vagrant",
        "TargetUserSid": "S-1-5-21-3541430928-2051711210-1391384369-1001",
        "TransmittedServices": "-"
      },
      "event_id": 4624,
      "keywords": [
        "Audit Success"
      ],
      "logon": {
        "id": "0x28d31",
        "type": "Network"
      },
      "opcode": "Info",
      "process": {
        "pid": 516,
        "thread": {
          "id": 556
        }
      },
      "provider_guid": "{54849625-5478-4994-a5ba-3e3b0328c30d}",
      "provider_name": "Microsoft-Windows-Security-Auditing",
      "record_id": 1550,
      "task": "Logon",
      "version": 1
    }
  },
  {
    "@timestamp": "2019-03-29T21:10:54.6618303Z",
    "event": {
      "action": "logged-in",
      "category": "authentication",
      "code": 4624,
      "kind": "event",
      "module": "security",
      "outcome": "success",
      "provider": "Microsoft-Windows-Security-Auditing",
      "type": "authentication_success"
    },
    "host": {
      "name": "vagrant-2012-r2"
    },
    "log": {
      "level": "information"
    },
    "process": {
      "executable": "-",
      "name": "-",
      "pid": 0
    },
    "related": {
      "user": "vagrant"
    },
    "user": {
      "domain": "VAGRANT-2012-R2",
      "id": "S-1-5-21-3541430928-2051711210-1391384369-1001",
      "name": "vagrant"
    },
    "winlog": {
      "api": "wineventlog",
      "channel": "Security",
      "computer_name": "vagrant-2012-r2",
      "event_data": {
        "AuthenticationPackageName": "NTLM",
        "ImpersonationLevel": "%%1833",
        "IpAddress": "-",
        "IpPort": "-",
        "KeyLength": "128",
        "LmPackageName": "NTLM V2",
        "LogonGuid": "{00000000-0000-0000-0000-000000000000}",
        "LogonProcessName": "NtLmSsp ",
        "LogonType": "3",
        "SubjectDomainName": "-",
        "SubjectLogonId": "0x0",
        "SubjectUserName": "-",
        "SubjectUserSid": "S-1-0-0",
        "TargetDomainName": "VAGRANT-2012-R2",
        "TargetLogonId": "0x29f0f",
        "TargetUserName": "vagrant",
        "TargetUserSid": "S-1-5-21-3541430928-2051711210-1391384369-1001",
        "TransmittedServices": "-"
      },
      "event_id": 4624,
      "keywords": [
        "Audit Success"
      ],
      "logon": {
        "id": "0x29f0f",
        "type": "Network"
      },
      "opcode": "Info",
      "process": {
        "pid": 516,
        "thread": {
          "id": 548
        }
      },
      "provider_guid": "{54849625-5478-4994-a5ba-3e3b0328c30d}",
      "provider_name": "Microsoft-Windows-Security-Auditing",
      "record_id": 1553,
      "task": "Logon",
      "version": 1
    }
  },
  {
    "@timestamp": "2019-03-29T21:10:55.4587259Z",
    "event": {
      "action": "logged-in",
      "category": "authentication",
      "code": 4624,
      "kind": "event",
      "module": "security",
      "outcome": "success",
      "provider": "Microsoft-Windows-Security-Auditing",
      "type": "authentication_success"
    },
    "host": {
      "name": "vagrant-2012-r2"
    },
    "log": {
      "level": "information"
    },
    "process": {
      "executable": "-",
      "name": "-",
      "pid": 0
    },
    "related": {
      "user": "vagrant"
    },
    "user": {
      "domain": "VAGRANT-2012-R2",
      "id": "S-1-5-21-3541430928-2051711210-1391384369-1001",
      "name": "vagrant"
    },
    "winlog": {
      "api": "wineventlog",
      "channel": "Security",
      "computer_name": "vagrant-2012-r2",
      "event_data": {
        "AuthenticationPackageName": "NTLM",
        "ImpersonationLevel": "%%1833",
        "IpAddress": "-",
        "IpPort": "-",
        "KeyLength": "128",
        "LmPackageName": "NTLM V2",
        "LogonGuid": "{00000000-0000-0000-0000-000000000000}",
        "LogonProcessName": "NtLmSsp ",
        "LogonType": "3",
        "SubjectDomainName": "-",
        "SubjectLogonId": "0x0",
        "SubjectUserName": "-",
        "SubjectUserSid": "S-1-0-0",
        "TargetDomainName": "VAGRANT-2012-R2",
        "TargetLogonId": "0x2a362",
        "TargetUserName": "vagrant",
        "TargetUserSid": "S-1-5-21-3541430928-2051711210-1391384369-1001",
        "TransmittedServices": "-"
      },
      "event_id": 4624,
      "keywords": [
        "Audit Success"
      ],
      "logon": {
        "id": "0x2a362",
        "type": "Network"
      },
      "opcode": "Info",
      "process": {
        "pid": 516,
        "thread": {
          "id": 548
        }
      },
      "provider_guid": "{54849625-5478-4994-a5ba-3e3b0328c30d}",
      "provider_name": "Microsoft-Windows-Security-Auditing",
      "record_id": 1556,
      "task": "Logon",
      "version": 1
    }
  },
  {
    "@timestamp": "2019-03-29T21:13:17.3025591Z",
    "event": {
      "action": "logged-in",
      "category": "authentication",
      "code": 4624,
      "kind": "event",
      "module": "security",
      "outcome": "success",
      "provider": "Microsoft-Windows-Security-Auditing",
      "type": "authentication_success"
    },
    "host": {
      "name": "vagrant-2012-r2"
    },
    "log": {
      "level": "information"
    },
    "process": {
      "executable": "-",
      "name": "-",
      "pid": 0
    },
    "related": {
      "user": "vagrant"
    },
    "source": {
      "domain": "127.0.0.1"
    },
    "user": {
      "domain": "VAGRANT-2012-R2",
      "id": "S-1-5-21-3541430928-2051711210-1391384369-1001",
      "name": "vagrant"
    },
    "winlog": {
      "api": "wineventlog",
      "channel": "Security",
      "computer_name": "vagrant-2012-r2",
      "event_data": {
        "AuthenticationPackageName": "NTLM",
        "ImpersonationLevel": "%%1833",
        "IpAddress": "-",
        "IpPort": "-",
        "KeyLength": "128",
        "LmPackageName": "NTLM V2",
        "LogonGuid": "{00000000-0000-0000-0000-000000000000}",
        "LogonProcessName": "NtLmSsp ",
        "LogonType": "3",
        "SubjectDomainName": "-",
        "SubjectLogonId": "0x0",
        "SubjectUserName": "-",
        "SubjectUserSid": "S-1-0-0",
        "TargetDomainName": "VAGRANT-2012-R2",
        "TargetLogonId": "0x324f8",
        "TargetUserName": "vagrant",
        "TargetUserSid": "S-1-5-21-3541430928-2051711210-1391384369-1001",
        "TransmittedServices": "-"
      },
      "event_id": 4624,
      "keywords": [
        "Audit Success"
      ],
      "logon": {
        "id": "0x324f8",
        "type": "Network"
      },
      "opcode": "Info",
      "process": {
        "pid": 516,
        "thread": {
          "id": 808
        }
      },
      "provider_guid": "{54849625-5478-4994-a5ba-3e3b0328c30d}",
      "provider_name": "Microsoft-Windows-Security-Auditing",
      "record_id": 1561,
      "task": "Logon",
      "version": 1
    }
  },
  {
    "@timestamp": "2019-03-29T21:13:17.5213056Z",
    "event": {
      "action": "logged-in",
      "category": "authentication",
      "code": 4624,
      "kind": "event",
      "module": "security",
      "outcome": "success",
      "provider": "Microsoft-Windows-Security-Auditing",
      "type": "authentication_success"
    },
    "host": {
      "name": "vagrant-2012-r2"
    },
    "log": {
      "level": "information"
    },
    "process": {
      "executable": "C:\\Windows\\System32\\winlogon.exe",
      "name": "winlogon.exe",
      "pid": 2812
    },
    "related": {
      "user": "DWM-2"
    },
    "user": {
      "domain": "Window Manager",
      "id": "S-1-5-90-2",
      "name": "DWM-2"
    },
    "winlog": {
      "api": "wineventlog",
      "channel": "Security",
      "computer_name": "vagrant-2012-r2",
      "event_data": {
        "AuthenticationPackageName": "Negotiate",
        "ImpersonationLevel": "%%1833",
        "IpAddress": "-",
        "IpPort": "-",
        "KeyLength": "0",
        "LmPackageName": "-",
        "LogonGuid": "{00000000-0000-0000-0000-000000000000}",
        "LogonProcessName": "Advapi  ",
        "LogonType": "2",
        "SubjectDomainName": "WORKGROUP",
        "SubjectLogonId": "0x3e7",
        "SubjectUserName": "VAGRANT-2012-R2$",
        "SubjectUserSid": "S-1-5-18",
        "TargetDomainName": "Window Manager",
        "TargetLogonId": "0x33444",
        "TargetUserName": "DWM-2",
        "TargetUserSid": "S-1-5-90-2",
        "TransmittedServices": "-"
      },
      "event_id": 4624,
      "keywords": [
        "Audit Success"
      ],
      "logon": {
        "id": "0x33444",
        "type": "Interactive"
      },
      "opcode": "Info",
      "process": {
        "pid": 516,
        "thread": {
          "id": 548
        }
      },
      "provider_guid": "{54849625-5478-4994-a5ba-3e3b0328c30d}",
      "provider_name": "Microsoft-Windows-Security-Auditing",
      "record_id": 1563,
      "task": "Logon",
      "version": 1
    }
  },
  {
    "@timestamp": "2019-03-29T21:13:17.6149946Z",
    "event": {
      "action": "logged-in",
      "category": "authentication",
      "code": 4624,
      "kind": "event",
      "module": "security",
      "outcome": "success",
      "provider": "Microsoft-Windows-Security-Auditing",
      "type": "authentication_success"
    },
    "host": {
      "name": "vagrant-2012-r2"
    },
    "log": {
      "level": "information"
    },
    "process": {
      "executable": "C:\\Windows\\System32\\winlogon.exe",
      "name": "winlogon.exe",
      "pid": 2812
    },
    "related": {
      "user": "vagrant"
    },
    "source": {
      "domain": "VAGRANT-2012-R2",
      "ip": "10.0.2.2",
      "port": 0
    },
    "user": {
      "domain": "VAGRANT-2012-R2",
      "id": "S-1-5-21-3541430928-2051711210-1391384369-1001",
      "name": "vagrant"
    },
    "winlog": {
      "api": "wineventlog",
      "channel": "Security",
      "computer_name": "vagrant-2012-r2",
      "event_data": {
        "AuthenticationPackageName": "Negotiate",
        "ImpersonationLevel": "%%1833",
        "KeyLength": "0",
        "LmPackageName": "-",
        "LogonGuid": "{00000000-0000-0000-0000-000000000000}",
        "LogonProcessName": "User32 ",
        "LogonType": "10",
        "SubjectDomainName": "WORKGROUP",
        "SubjectLogonId": "0x3e7",
        "SubjectUserName": "VAGRANT-2012-R2$",
        "SubjectUserSid": "S-1-5-18",
        "TargetDomainName": "VAGRANT-2012-R2",
        "TargetLogonId": "0x3444f",
        "TargetUserName": "vagrant",
        "TargetUserSid": "S-1-5-21-3541430928-2051711210-1391384369-1001",
        "TransmittedServices": "-"
      },
      "event_id": 4624,
      "keywords": [
        "Audit Success"
      ],
      "logon": {
        "id": "0x3444f",
        "type": "RemoteInteractive"
      },
      "opcode": "Info",
      "process": {
        "pid": 516,
        "thread": {
          "id": 808
        }
      },
      "provider_guid": "{54849625-5478-4994-a5ba-3e3b0328c30d}",
      "provider_name": "Microsoft-Windows-Security-Auditing",
      "record_id": 1567,
      "task": "Logon",
      "version": 1
    }
  },
  {
    "@timestamp": "2019-03-29T21:13:18.7869259Z",
    "event": {
      "action": "logged-in",
      "category": "authentication",
      "code": 4624,
      "kind": "event",
      "module": "security",
      "outcome": "success",
      "provider": "Microsoft-Windows-Security-Auditing",
      "type": "authentication_success"
    },
    "host": {
      "name": "vagrant-2012-r2"
    },
    "log": {
      "level": "information"
    },
    "process": {
      "executable": "C:\\Windows\\System32\\winlogon.exe",
      "name": "winlogon.exe",
      "pid": 2188
    },
    "related": {
      "user": "DWM-3"
    },
    "user": {
      "domain": "Window Manager",
      "id": "S-1-5-90-3",
      "name": "DWM-3"
    },
    "winlog": {
      "api": "wineventlog",
      "channel": "Security",
      "computer_name": "vagrant-2012-r2",
      "event_data": {
        "AuthenticationPackageName": "Negotiate",
        "ImpersonationLevel": "%%1833",
        "IpAddress": "-",
        "IpPort": "-",
        "KeyLength": "0",
        "LmPackageName": "-",
        "LogonGuid": "{00000000-0000-0000-0000-000000000000}",
        "LogonProcessName": "Advapi  ",
        "LogonType": "2",
        "SubjectDomainName": "WORKGROUP",
        "SubjectLogonId": "0x3e7",
        "SubjectUserName": "VAGRANT-2012-R2$",
        "SubjectUserSid": "S-1-5-18",
        "TargetDomainName": "Window Manager",
        "TargetLogonId": "0x357fd",
        "TargetUserName": "DWM-3",
        "TargetUserSid": "S-1-5-90-3",
        "TransmittedServices": "-"
      },
      "event_id": 4624,
      "keywords": [
        "Audit Success"
      ],
      "logon": {
        "id": "0x357fd",
        "type": "Interactive"
      },
      "opcode": "Info",
      "process": {
        "pid": 516,
        "thread": {
          "id": 556
        }
      },
      "provider_guid": "{54849625-5478-4994-a5ba-3e3b0328c30d}",
      "provider_name": "Microsoft-Windows-Security-Auditing",
      "record_id": 1570,
      "task": "Logon",
      "version": 1
    }
  },
  {
    "@timestamp": "2019-03-29T21:20:48.7402309Z",
    "event": {
      "action": "logged-in",
      "category": "authentication",
      "code": 4624,
      "kind": "event",
      "module": "security",
      "outcome": "success",
      "provider": "Microsoft-Windows-Security-Auditing",
      "type": "authentication_success"
    },
    "host": {
      "name": "vagrant-2012-r2"
    },
    "log": {
      "level": "information"
    },
    "process": {
      "executable": "C:\\Windows\\System32\\services.exe",
      "name": "services.exe",
      "pid": 508
    },
    "related": {
      "user": "SYSTEM"
    },
    "user": {
      "domain": "NT AUTHORITY",
      "id": "S-1-5-18",
      "name": "SYSTEM"
    },
    "winlog": {
      "api": "wineventlog",
      "channel": "Security",
      "computer_name": "vagrant-2012-r2",
      "event_data": {
        "AuthenticationPackageName": "Negotiate",
        "ImpersonationLevel": "%%1833",
        "IpAddress": "-",
        "IpPort": "-",
        "KeyLength": "0",
        "LmPackageName": "-",
        "LogonGuid": "{00000000-0000-0000-0000-000000000000}",
        "LogonProcessName": "Advapi  ",
        "LogonType": "5",
        "SubjectDomainName": "WORKGROUP",
        "SubjectLogonId": "0x3e7",
        "SubjectUserName": "VAGRANT-2012-R2$",
        "SubjectUserSid": "S-1-5-18",
        "TargetDomainName": "NT AUTHORITY",
        "TargetLogonId": "0x3e7",
        "TargetUserName": "SYSTEM",
        "TargetUserSid": "S-1-5-18",
        "TransmittedServices": "-"
      },
      "event_id": 4624,
      "keywords": [
        "Audit Success"
      ],
      "logon": {
        "id": "0x3e7",
        "type": "Service"
      },
      "opcode": "Info",
      "process": {
        "pid": 516,
        "thread": {
          "id": 1132
        }
      },
      "provider_guid": "{54849625-5478-4994-a5ba-3e3b0328c30d}",
      "provider_name": "Microsoft-Windows-Security-Auditing",
      "record_id": 1574,
      "task": "Logon",
      "version": 1
    }
  },
  {
    "@timestamp": "2019-03-29T21:20:48.7402309Z",
    "event": {
      "action": "logged-in",
      "category": "authentication",
      "code": 4624,
      "kind": "event",
      "module": "security",
      "outcome": "success",
      "provider": "Microsoft-Windows-Security-Auditing",
      "type": "authentication_success"
    },
    "host": {
      "name": "vagrant-2012-r2"
    },
    "log": {
      "level": "information"
    },
    "process": {
      "executable": "C:\\Windows\\System32\\services.exe",
      "name": "services.exe",
      "pid": 508
    },
    "related": {
      "user": "SYSTEM"
    },
    "user": {
      "domain": "NT AUTHORITY",
      "id": "S-1-5-18",
      "name": "SYSTEM"
    },
    "winlog": {
      "api": "wineventlog",
      "channel": "Security",
      "computer_name": "vagrant-2012-r2",
      "event_data": {
        "AuthenticationPackageName": "Negotiate",
        "ImpersonationLevel": "%%1833",
        "IpAddress": "-",
        "IpPort": "-",
        "KeyLength": "0",
        "LmPackageName": "-",
        "LogonGuid": "{00000000-0000-0000-0000-000000000000}",
        "LogonProcessName": "Advapi  ",
        "LogonType": "5",
        "SubjectDomainName": "WORKGROUP",
        "SubjectLogonId": "0x3e7",
        "SubjectUserName": "VAGRANT-2012-R2$",
        "SubjectUserSid": "S-1-5-18",
        "TargetDomainName": "NT AUTHORITY",
        "TargetLogonId": "0x3e7",
        "TargetUserName": "SYSTEM",
        "TargetUserSid": "S-1-5-18",
        "TransmittedServices": "-"
      },
      "event_id": 4624,
      "keywords": [
        "Audit Success"
      ],
      "logon": {
        "id": "0x3e7",
        "type": "Service"
      },
      "opcode": "Info",
      "process": {
        "pid": 516,
        "thread": {
          "id": 1132
        }
      },
      "provider_guid": "{54849625-5478-4994-a5ba-3e3b0328c30d}",
      "provider_name": "Microsoft-Windows-Security-Auditing",
      "record_id": 1576,
      "task": "Logon",
      "version": 1
    }
  },
  {
    "@timestamp": "2019-03-29T21:20:50.5840151Z",
    "event": {
      "action": "logged-in",
      "category": "authentication",
      "code": 4624,
      "kind": "event",
      "module": "security",
      "outcome": "success",
      "provider": "Microsoft-Windows-Security-Auditing",
      "type": "authentication_success"
    },
    "host": {
      "name": "vagrant-2012-r2"
    },
    "log": {
      "level": "information"
    },
    "process": {
      "executable": "C:\\Windows\\System32\\services.exe",
      "name": "services.exe",
      "pid": 508
    },
    "related": {
      "user": "SYSTEM"
    },
    "user": {
      "domain": "NT AUTHORITY",
      "id": "S-1-5-18",
      "name": "SYSTEM"
    },
    "winlog": {
      "api": "wineventlog",
      "channel": "Security",
      "computer_name": "vagrant-2012-r2",
      "event_data": {
        "AuthenticationPackageName": "Negotiate",
        "ImpersonationLevel": "%%1833",
        "IpAddress": "-",
        "IpPort": "-",
        "KeyLength": "0",
        "LmPackageName": "-",
        "LogonGuid": "{00000000-0000-0000-0000-000000000000}",
        "LogonProcessName": "Advapi  ",
        "LogonType": "5",
        "SubjectDomainName": "WORKGROUP",
        "SubjectLogonId": "0x3e7",
        "SubjectUserName": "VAGRANT-2012-R2$",
        "SubjectUserSid": "S-1-5-18",
        "TargetDomainName": "NT AUTHORITY",
        "TargetLogonId": "0x3e7",
        "TargetUserName": "SYSTEM",
        "TargetUserSid": "S-1-5-18",
        "TransmittedServices": "-"
      },
      "event_id": 4624,
      "keywords": [
        "Audit Success"
      ],
      "logon": {
        "id": "0x3e7",
        "type": "Service"
      },
      "opcode": "Info",
      "process": {
        "pid": 516,
        "thread": {
          "id": 504
        }
      },
      "provider_guid": "{54849625-5478-4994-a5ba-3e3b0328c30d}",
      "provider_name": "Microsoft-Windows-Security-Auditing",
      "record_id": 1578,
      "task": "Logon",
      "version": 1
    }
  },
  {
    "@timestamp": "2019-03-29T21:23:42.5201798Z",
    "event": {
      "action": "logged-in",
      "category": "authentication",
      "code": 4624,
      "kind": "event",
      "module": "security",
      "outcome": "success",
      "provider": "Microsoft-Windows-Security-Auditing",
      "type": "authentication_success"
    },
    "host": {
      "name": "vagrant-2012-r2"
    },
    "log": {
      "level": "information"
    },
    "process": {
      "executable": "C:\\Windows\\System32\\services.exe",
      "name": "services.exe",
      "pid": 508
    },
    "related": {
      "user": "SYSTEM"
    },
    "user": {
      "domain": "NT AUTHORITY",
      "id": "S-1-5-18",
      "name": "SYSTEM"
    },
    "winlog": {
      "api": "wineventlog",
      "channel": "Security",
      "computer_name": "vagrant-2012-r2",
      "event_data": {
        "AuthenticationPackageName": "Negotiate",
        "ImpersonationLevel": "%%1833",
        "IpAddress": "-",
        "IpPort": "-",
        "KeyLength": "0",
        "LmPackageName": "-",
        "LogonGuid": "{00000000-0000-0000-0000-000000000000}",
        "LogonProcessName": "Advapi  ",
        "LogonType": "5",
        "SubjectDomainName": "WORKGROUP",
        "SubjectLogonId": "0x3e7",
        "SubjectUserName": "VAGRANT-2012-R2$",
        "SubjectUserSid": "S-1-5-18",
        "TargetDomainName": "NT AUTHORITY",
        "TargetLogonId": "0x3e7",
        "TargetUserName": "SYSTEM",
        "TargetUserSid": "S-1-5-18",
        "TransmittedServices": "-"
      },
      "event_id": 4624,
      "keywords": [
        "Audit Success"
      ],
      "logon": {
        "id": "0x3e7",
        "type": "Service"
      },
      "opcode": "Info",
      "process": {
        "pid": 516,
        "thread": {
          "id": 1132
        }
      },
      "provider_guid": "{54849625-5478-4994-a5ba-3e3b0328c30d}",
      "provider_name": "Microsoft-Windows-Security-Auditing",
      "record_id": 1581,
      "task": "Logon",
      "version": 1
    }
  },
  {
    "@timestamp": "2019-03-29T21:26:24.1764267Z",
    "event": {
      "action": "logged-in",
      "category": "authentication",
      "code": 4624,
      "kind": "event",
      "module": "security",
      "outcome": "success",
      "provider": "Microsoft-Windows-Security-Auditing",
      "type": "authentication_success"
    },
    "host": {
      "name": "vagrant-2012-r2"
    },
    "log": {
      "level": "information"
    },
    "process": {
      "executable": "C:\\Windows\\System32\\services.exe",
      "name": "services.exe",
      "pid": 508
    },
    "related": {
      "user": "SYSTEM"
    },
    "user": {
      "domain": "NT AUTHORITY",
      "id": "S-1-5-18",
      "name": "SYSTEM"
    },
    "winlog": {
      "api": "wineventlog",
      "channel": "Security",
      "computer_name": "vagrant-2012-r2",
      "event_data": {
        "AuthenticationPackageName": "Negotiate",
        "ImpersonationLevel": "%%1833",
        "IpAddress": "-",
        "IpPort": "-",
        "KeyLength": "0",
        "LmPackageName": "-",
        "LogonGuid": "{00000000-0000-0000-0000-000000000000}",
        "LogonProcessName": "Advapi  ",
        "LogonType": "5",
        "SubjectDomainName": "WORKGROUP",
        "SubjectLogonId": "0x3e7",
        "SubjectUserName": "VAGRANT-2012-R2$",
        "SubjectUserSid": "S-1-5-18",
        "TargetDomainName": "NT AUTHORITY",
        "TargetLogonId": "0x3e7",
        "TargetUserName": "SYSTEM",
        "TargetUserSid": "S-1-5-18",
        "TransmittedServices": "-"
      },
      "event_id": 4624,
      "keywords": [
        "Audit Success"
      ],
      "logon": {
        "id": "0x3e7",
        "type": "Service"
      },
      "opcode": "Info",
      "process": {
        "pid": 516,
        "thread": {
          "id": 344
        }
      },
      "provider_guid": "{54849625-5478-4994-a5ba-3e3b0328c30d}",
      "provider_name": "Microsoft-Windows-Security-Auditing",
      "record_id": 1583,
      "task": "Logon",
      "version": 1
    }
  },
  {
    "@timestamp": "2019-03-29T21:45:35.177054Z",
    "event": {
      "action": "logon-failed",
      "category": "authentication",
      "code": 4625,
      "kind": "event",
      "module": "security",
      "outcome": "failure",
      "provider": "Microsoft-Windows-Security-Auditing",
      "type": "authentication_failure"
    },
    "host": {
      "name": "vagrant-2012-r2"
    },
    "log": {
      "level": "information"
    },
    "process": {
      "executable": "C:\\Windows\\System32\\svchost.exe",
      "name": "svchost.exe",
      "pid": 836
    },
    "related": {
      "user": "bosch"
    },
    "source": {
      "domain": "VAGRANT-2012-R2",
      "ip": "::1",
      "port": 0
    },
    "user": {
      "domain": "VAGRANT-2012-R2",
      "id": "S-1-0-0",
      "name": "bosch"
    },
    "winlog": {
      "api": "wineventlog",
      "channel": "Security",
      "computer_name": "vagrant-2012-r2",
      "event_data": {
        "AuthenticationPackageName": "Negotiate",
        "FailureReason": "%%2313",
        "KeyLength": "0",
        "LmPackageName": "-",
        "LogonProcessName": "seclogo",
        "LogonType": "2",
        "Status": "0xc000006d",
        "SubStatus": "0xc0000064",
        "SubjectDomainName": "VAGRANT-2012-R2",
        "SubjectLogonId": "0x1008e",
        "SubjectUserName": "vagrant",
        "SubjectUserSid": "S-1-5-21-3541430928-2051711210-1391384369-1001",
        "TargetDomainName": "VAGRANT-2012-R2",
        "TargetUserName": "bosch",
        "TargetUserSid": "S-1-0-0",
        "TransmittedServices": "-"
      },
      "event_id": 4625,
      "keywords": [
        "Audit Failure"
      ],
      "logon": {
        "failure": {
          "reason": "Unknown user name or bad password.",
          "status": "This is either due to a bad username or authentication information",
          "sub_status": "User logon with misspelled or bad user account"
        },
        "type": "Interactive"
      },
      "opcode": "Info",
      "process": {
        "pid": 516,
        "thread": {
          "id": 2756
        }
      },
      "provider_guid": "{54849625-5478-4994-a5ba-3e3b0328c30d}",
      "provider_name": "Microsoft-Windows-Security-Auditing",
      "record_id": 1585,
      "task": "Logon"
    }
  }
]